<?xml version="1.0" encoding="UTF-8"?>
<testng-results ignored="0" total="1" passed="1" failed="0" skipped="0">
  <reporter-output>
  </reporter-output>
  <suite started-at="2024-02-12T12:07:35 IST" name="Default suite" finished-at="2024-02-12T12:08:07 IST" duration-ms="31842">
    <groups>
    </groups>
    <test started-at="2024-02-12T12:07:35 IST" name="Default test" finished-at="2024-02-12T12:08:07 IST" duration-ms="31842">
      <class name="AmazonShoping.OnlineShoping.SubmitOrder">
        <test-method signature="submitOrder()[pri:0, instance:AmazonShoping.OnlineShoping.SubmitOrder@55183b20]" started-at="2024-02-12T12:07:36 IST" name="submitOrder" finished-at="2024-02-12T12:08:07 IST" duration-ms="31789" status="PASS">
          <reporter-output>
          </reporter-output>
        </test-method> <!-- submitOrder -->
      </class> <!-- AmazonShoping.OnlineShoping.SubmitOrder -->
    </test> <!-- Default test -->
  </suite> <!-- Default suite -->
</testng-results>
